<?xml version="1.0" encoding="UTF-8"?>
<coverage generated="1698068438769" clover="3.2.0">
  <project timestamp="1698068438769" name="All files">
    <metrics statements="51" coveredstatements="51" conditionals="10" coveredconditionals="10" methods="7" coveredmethods="7" elements="68" coveredelements="68" complexity="0" loc="51" ncloc="51" packages="4" files="9" classes="9"/>
    <package name="components.SignUpForm">
      <metrics statements="20" coveredstatements="20" conditionals="6" coveredconditionals="6" methods="4" coveredmethods="4"/>
      <file name="SignUpForm.constants.ts" path="/Users/dhonch/projects/Intern-ui/src/components/SignUpForm/SignUpForm.constants.ts">
        <metrics statements="9" coveredstatements="9" conditionals="0" coveredconditionals="0" methods="1" coveredmethods="1"/>
        <line num="1" count="1" type="stmt"/>
        <line num="2" count="1" type="stmt"/>
        <line num="4" count="1" type="stmt"/>
        <line num="8" count="4" type="stmt"/>
        <line num="13" count="1" type="stmt"/>
        <line num="20" count="3" type="stmt"/>
        <line num="57" count="18" type="stmt"/>
        <line num="90" count="3" type="stmt"/>
        <line num="98" count="80" type="stmt"/>
      </file>
      <file name="SignUpForm.styles.ts" path="/Users/dhonch/projects/Intern-ui/src/components/SignUpForm/SignUpForm.styles.ts">
        <metrics statements="2" coveredstatements="2" conditionals="0" coveredconditionals="0" methods="0" coveredmethods="0"/>
        <line num="1" count="1" type="stmt"/>
        <line num="3" count="124" type="stmt"/>
      </file>
      <file name="SignUpForm.tsx" path="/Users/dhonch/projects/Intern-ui/src/components/SignUpForm/SignUpForm.tsx">
        <metrics statements="8" coveredstatements="8" conditionals="4" coveredconditionals="4" methods="2" coveredmethods="2"/>
        <line num="1" count="1" type="stmt"/>
        <line num="2" count="1" type="stmt"/>
        <line num="3" count="1" type="stmt"/>
        <line num="5" count="1" type="stmt"/>
        <line num="11" count="1" type="stmt"/>
        <line num="21" count="1" type="stmt"/>
        <line num="40" count="80" type="stmt"/>
        <line num="72" count="3" type="stmt"/>
      </file>
      <file name="SignUpForm.types.ts" path="/Users/dhonch/projects/Intern-ui/src/components/SignUpForm/SignUpForm.types.ts">
        <metrics statements="1" coveredstatements="1" conditionals="2" coveredconditionals="2" methods="1" coveredmethods="1"/>
        <line num="1" count="1" type="cond" truecount="2" falsecount="0"/>
      </file>
    </package>
    <package name="components.sign-in-form">
      <metrics statements="17" coveredstatements="17" conditionals="4" coveredconditionals="4" methods="2" coveredmethods="2"/>
      <file name="SignIn.styles.ts" path="/Users/dhonch/projects/Intern-ui/src/components/sign-in-form/SignIn.styles.ts">
        <metrics statements="2" coveredstatements="2" conditionals="0" coveredconditionals="0" methods="0" coveredmethods="0"/>
        <line num="1" count="1" type="stmt"/>
        <line num="3" count="32" type="stmt"/>
      </file>
      <file name="SignIn.tsx" path="/Users/dhonch/projects/Intern-ui/src/components/sign-in-form/SignIn.tsx">
        <metrics statements="15" coveredstatements="15" conditionals="4" coveredconditionals="4" methods="2" coveredmethods="2"/>
        <line num="1" count="1" type="stmt"/>
        <line num="2" count="1" type="stmt"/>
        <line num="3" count="1" type="stmt"/>
        <line num="4" count="1" type="stmt"/>
        <line num="5" count="1" type="stmt"/>
        <line num="6" count="1" type="stmt"/>
        <line num="7" count="1" type="stmt"/>
        <line num="8" count="1" type="stmt"/>
        <line num="15" count="1" type="stmt"/>
        <line num="16" count="2" type="stmt"/>
        <line num="20" count="2" type="stmt"/>
        <line num="21" count="1" type="stmt"/>
        <line num="22" count="1" type="stmt"/>
        <line num="24" count="2" type="stmt"/>
        <line num="88" count="2" type="stmt"/>
      </file>
    </package>
    <package name="pages.WelcomePage">
      <metrics statements="11" coveredstatements="11" conditionals="0" coveredconditionals="0" methods="1" coveredmethods="1"/>
      <file name="WelcomePage.styles.ts" path="/Users/dhonch/projects/Intern-ui/src/pages/WelcomePage/WelcomePage.styles.ts">
        <metrics statements="2" coveredstatements="2" conditionals="0" coveredconditionals="0" methods="0" coveredmethods="0"/>
        <line num="1" count="1" type="stmt"/>
        <line num="2" count="27" type="stmt"/>
      </file>
      <file name="WelcomePage.tsx" path="/Users/dhonch/projects/Intern-ui/src/pages/WelcomePage/WelcomePage.tsx">
        <metrics statements="9" coveredstatements="9" conditionals="0" coveredconditionals="0" methods="1" coveredmethods="1"/>
        <line num="1" count="1" type="stmt"/>
        <line num="2" count="1" type="stmt"/>
        <line num="3" count="1" type="stmt"/>
        <line num="4" count="1" type="stmt"/>
        <line num="5" count="1" type="stmt"/>
        <line num="6" count="1" type="stmt"/>
        <line num="7" count="1" type="stmt"/>
        <line num="9" count="1" type="stmt"/>
        <line num="41" count="3" type="stmt"/>
      </file>
    </package>
    <package name="styles.app-theme">
      <metrics statements="3" coveredstatements="3" conditionals="0" coveredconditionals="0" methods="0" coveredmethods="0"/>
      <file name="app.palette.ts" path="/Users/dhonch/projects/Intern-ui/src/styles/app-theme/app.palette.ts">
        <metrics statements="3" coveredstatements="3" conditionals="0" coveredconditionals="0" methods="0" coveredmethods="0"/>
        <line num="1" count="3" type="stmt"/>
        <line num="2" count="3" type="stmt"/>
        <line num="37" count="21" type="stmt"/>
      </file>
    </package>
  </project>
</coverage>
