{"/Users/dhonch/projects/Intern-ui/src/components/SignUpForm/SignUpForm.constants.ts": {"path":"/Users/dhonch/projects/Intern-ui/src/components/SignUpForm/SignUpForm.constants.ts","statementMap":{"0":{"start":{"line":90,"column":13},"end":{"line":90,"column":26}},"1":{"start":{"line":98,"column":13},"end":{"line":98,"column":23}},"2":{"start":{"line":57,"column":13},"end":{"line":57,"column":19}},"3":{"start":{"line":20,"column":13},"end":{"line":20,"column":29}},"4":{"start":{"line":1,"column":21},"end":{"line":1,"column":null}},"5":{"start":{"line":2,"column":27},"end":{"line":2,"column":null}},"6":{"start":{"line":4,"column":27},"end":{"line":11,"column":null}},"7":{"start":{"line":8,"column":30},"end":{"line":8,"column":73}},"8":{"start":{"line":13,"column":25},"end":{"line":18,"column":null}},"9":{"start":{"line":20,"column":32},"end":{"line":55,"column":null}},"10":{"start":{"line":57,"column":22},"end":{"line":88,"column":null}},"11":{"start":{"line":90,"column":53},"end":{"line":96,"column":null}},"12":{"start":{"line":98,"column":54},"end":{"line":104,"column":null}}},"fnMap":{"0":{"name":"(anonymous_8)","decl":{"start":{"line":8,"column":12},"end":{"line":8,"column":13}},"loc":{"start":{"line":8,"column":30},"end":{"line":8,"column":73}}}},"branchMap":{},"s":{"0":3,"1":80,"2":18,"3":3,"4":1,"5":1,"6":1,"7":4,"8":1,"9":1,"10":1,"11":1,"12":1},"f":{"0":4},"b":{}}
,"/Users/dhonch/projects/Intern-ui/src/components/SignUpForm/SignUpForm.styles.ts": {"path":"/Users/dhonch/projects/Intern-ui/src/components/SignUpForm/SignUpForm.styles.ts","statementMap":{"0":{"start":{"line":3,"column":13},"end":{"line":3,"column":22}},"1":{"start":{"line":1,"column":20},"end":{"line":1,"column":null}},"2":{"start":{"line":3,"column":22},"end":{"line":63,"column":null}}},"fnMap":{},"branchMap":{},"s":{"0":124,"1":1,"2":1},"f":{},"b":{}}
,"/Users/dhonch/projects/Intern-ui/src/components/SignUpForm/SignUpForm.tsx": {"path":"/Users/dhonch/projects/Intern-ui/src/components/SignUpForm/SignUpForm.tsx","statementMap":{"0":{"start":{"line":72,"column":0},"end":{"line":72,"column":15}},"1":{"start":{"line":1,"column":51},"end":{"line":1,"column":null}},"2":{"start":{"line":2,"column":51},"end":{"line":2,"column":null}},"3":{"start":{"line":3,"column":32},"end":{"line":3,"column":null}},"4":{"start":{"line":5,"column":23},"end":{"line":5,"column":null}},"5":{"start":{"line":11,"column":7},"end":{"line":11,"column":null}},"6":{"start":{"line":21,"column":40},"end":{"line":70,"column":null}},"7":{"start":{"line":40,"column":16},"end":{"line":41,"column":null}},"8":{"start":{"line":72,"column":15},"end":{"line":72,"column":null}}},"fnMap":{"0":{"name":"(anonymous_2)","decl":{"start":{"line":21,"column":40},"end":{"line":21,"column":41}},"loc":{"start":{"line":21,"column":53},"end":{"line":70,"column":null}}},"1":{"name":"(anonymous_4)","decl":{"start":{"line":39,"column":26},"end":{"line":39,"column":27}},"loc":{"start":{"line":40,"column":16},"end":{"line":41,"column":null}}}},"branchMap":{"0":{"loc":{"start":{"line":44,"column":25},"end":{"line":44,"column":64}},"type":"binary-expr","locations":[{"start":{"line":44,"column":25},"end":{"line":44,"column":42}},{"start":{"line":44,"column":46},"end":{"line":44,"column":64}}]},"1":{"loc":{"start":{"line":45,"column":30},"end":{"line":45,"column":67}},"type":"binary-expr","locations":[{"start":{"line":45,"column":30},"end":{"line":45,"column":47}},{"start":{"line":45,"column":51},"end":{"line":45,"column":67}}]}},"s":{"0":3,"1":1,"2":1,"3":1,"4":1,"5":1,"6":1,"7":80,"8":1},"f":{"0":3,"1":80},"b":{"0":[80,10],"1":[80,10]}}
,"/Users/dhonch/projects/Intern-ui/src/components/SignUpForm/SignUpForm.types.ts": {"path":"/Users/dhonch/projects/Intern-ui/src/components/SignUpForm/SignUpForm.types.ts","statementMap":{"0":{"start":{"line":1,"column":12},"end":{"line":1,"column":null}}},"fnMap":{"0":{"name":"(anonymous_1)","decl":{"start":{"line":1,"column":12},"end":{"line":1,"column":null}},"loc":{"start":{"line":1,"column":12},"end":{"line":1,"column":null}}}},"branchMap":{"0":{"loc":{"start":{"line":1,"column":12},"end":{"line":1,"column":null}},"type":"binary-expr","locations":[{"start":{"line":1,"column":12},"end":{"line":1,"column":null}},{"start":{"line":1,"column":12},"end":{"line":1,"column":null}}]}},"s":{"0":1},"f":{"0":1},"b":{"0":[1,1]}}
,"/Users/dhonch/projects/Intern-ui/src/components/sign-in-form/SignIn.styles.ts": {"path":"/Users/dhonch/projects/Intern-ui/src/components/sign-in-form/SignIn.styles.ts","statementMap":{"0":{"start":{"line":3,"column":13},"end":{"line":3,"column":22}},"1":{"start":{"line":1,"column":20},"end":{"line":1,"column":null}},"2":{"start":{"line":3,"column":22},"end":{"line":59,"column":null}}},"fnMap":{},"branchMap":{},"s":{"0":32,"1":1,"2":1},"f":{},"b":{}}
,"/Users/dhonch/projects/Intern-ui/src/components/sign-in-form/SignIn.tsx": {"path":"/Users/dhonch/projects/Intern-ui/src/components/sign-in-form/SignIn.tsx","statementMap":{"0":{"start":{"line":88,"column":0},"end":{"line":88,"column":15}},"1":{"start":{"line":1,"column":22},"end":{"line":1,"column":null}},"2":{"start":{"line":2,"column":25},"end":{"line":2,"column":null}},"3":{"start":{"line":3,"column":19},"end":{"line":3,"column":null}},"4":{"start":{"line":4,"column":16},"end":{"line":4,"column":null}},"5":{"start":{"line":5,"column":23},"end":{"line":5,"column":null}},"6":{"start":{"line":6,"column":23},"end":{"line":6,"column":null}},"7":{"start":{"line":7,"column":65},"end":{"line":7,"column":null}},"8":{"start":{"line":8,"column":21},"end":{"line":8,"column":null}},"9":{"start":{"line":15,"column":15},"end":{"line":86,"column":null}},"10":{"start":{"line":16,"column":35},"end":{"line":19,"column":null}},"11":{"start":{"line":20,"column":19},"end":{"line":23,"column":null}},"12":{"start":{"line":21,"column":4},"end":{"line":21,"column":null}},"13":{"start":{"line":22,"column":4},"end":{"line":22,"column":null}},"14":{"start":{"line":24,"column":28},"end":{"line":29,"column":null}},"15":{"start":{"line":88,"column":15},"end":{"line":88,"column":null}}},"fnMap":{"0":{"name":"(anonymous_5)","decl":{"start":{"line":15,"column":15},"end":{"line":15,"column":null}},"loc":{"start":{"line":15,"column":15},"end":{"line":86,"column":null}}},"1":{"name":"(anonymous_6)","decl":{"start":{"line":20,"column":19},"end":{"line":20,"column":20}},"loc":{"start":{"line":20,"column":39},"end":{"line":23,"column":null}}}},"branchMap":{"0":{"loc":{"start":{"line":57,"column":23},"end":{"line":57,"column":66}},"type":"binary-expr","locations":[{"start":{"line":57,"column":23},"end":{"line":57,"column":43}},{"start":{"line":57,"column":47},"end":{"line":57,"column":66}}]},"1":{"loc":{"start":{"line":70,"column":23},"end":{"line":70,"column":72}},"type":"binary-expr","locations":[{"start":{"line":70,"column":23},"end":{"line":70,"column":46}},{"start":{"line":70,"column":50},"end":{"line":70,"column":72}}]}},"s":{"0":2,"1":1,"2":1,"3":1,"4":1,"5":1,"6":1,"7":1,"8":1,"9":1,"10":2,"11":2,"12":1,"13":1,"14":2,"15":1},"f":{"0":2,"1":1},"b":{"0":[6,1],"1":[6,1]}}
,"/Users/dhonch/projects/Intern-ui/src/pages/WelcomePage/WelcomePage.styles.ts": {"path":"/Users/dhonch/projects/Intern-ui/src/pages/WelcomePage/WelcomePage.styles.ts","statementMap":{"0":{"start":{"line":2,"column":13},"end":{"line":2,"column":22}},"1":{"start":{"line":1,"column":20},"end":{"line":1,"column":null}},"2":{"start":{"line":2,"column":22},"end":{"line":46,"column":null}}},"fnMap":{},"branchMap":{},"s":{"0":27,"1":1,"2":1},"f":{},"b":{}}
,"/Users/dhonch/projects/Intern-ui/src/pages/WelcomePage/WelcomePage.tsx": {"path":"/Users/dhonch/projects/Intern-ui/src/pages/WelcomePage/WelcomePage.tsx","statementMap":{"0":{"start":{"line":41,"column":0},"end":{"line":41,"column":15}},"1":{"start":{"line":1,"column":23},"end":{"line":1,"column":null}},"2":{"start":{"line":2,"column":16},"end":{"line":2,"column":null}},"3":{"start":{"line":3,"column":23},"end":{"line":3,"column":null}},"4":{"start":{"line":4,"column":19},"end":{"line":4,"column":null}},"5":{"start":{"line":5,"column":21},"end":{"line":5,"column":null}},"6":{"start":{"line":6,"column":23},"end":{"line":6,"column":null}},"7":{"start":{"line":7,"column":31},"end":{"line":7,"column":null}},"8":{"start":{"line":9,"column":20},"end":{"line":39,"column":null}},"9":{"start":{"line":41,"column":15},"end":{"line":41,"column":null}}},"fnMap":{"0":{"name":"(anonymous_2)","decl":{"start":{"line":9,"column":20},"end":{"line":9,"column":null}},"loc":{"start":{"line":9,"column":20},"end":{"line":39,"column":null}}}},"branchMap":{},"s":{"0":3,"1":1,"2":1,"3":1,"4":1,"5":1,"6":1,"7":1,"8":1,"9":1},"f":{"0":3},"b":{}}
,"/Users/dhonch/projects/Intern-ui/src/styles/app-theme/app.palette.ts": {"path":"/Users/dhonch/projects/Intern-ui/src/styles/app-theme/app.palette.ts","statementMap":{"0":{"start":{"line":37,"column":0},"end":{"line":37,"column":15}},"1":{"start":{"line":1,"column":22},"end":{"line":1,"column":null}},"2":{"start":{"line":2,"column":16},"end":{"line":35,"column":null}},"3":{"start":{"line":37,"column":15},"end":{"line":37,"column":null}}},"fnMap":{},"branchMap":{},"s":{"0":21,"1":3,"2":3,"3":3},"f":{},"b":{}}
}
