{"/Users/dhonch/projects/Intern-ui/src/components/BlockWrapper/BlockWrapper.styles.ts": {"path":"/Users/dhonch/projects/Intern-ui/src/components/BlockWrapper/BlockWrapper.styles.ts","statementMap":{"0":{"start":{"line":1,"column":13},"end":{"line":1,"column":22}},"1":{"start":{"line":1,"column":22},"end":{"line":15,"column":null}}},"fnMap":{},"branchMap":{},"s":{"0":3,"1":1},"f":{},"b":{}}
,"/Users/dhonch/projects/Intern-ui/src/components/BlockWrapper/BlockWrapper.tsx": {"path":"/Users/dhonch/projects/Intern-ui/src/components/BlockWrapper/BlockWrapper.tsx","statementMap":{"0":{"start":{"line":16,"column":0},"end":{"line":16,"column":15}},"1":{"start":{"line":1,"column":16},"end":{"line":1,"column":null}},"2":{"start":{"line":2,"column":23},"end":{"line":2,"column":null}},"3":{"start":{"line":5,"column":25},"end":{"line":5,"column":null}},"4":{"start":{"line":12,"column":44},"end":{"line":14,"column":null}},"5":{"start":{"line":16,"column":15},"end":{"line":16,"column":null}}},"fnMap":{"0":{"name":"(anonymous_2)","decl":{"start":{"line":12,"column":44},"end":{"line":12,"column":45}},"loc":{"start":{"line":12,"column":61},"end":{"line":14,"column":null}}}},"branchMap":{},"s":{"0":3,"1":1,"2":1,"3":1,"4":1,"5":1},"f":{"0":3},"b":{}}
,"/Users/dhonch/projects/Intern-ui/src/components/SignUpForm/SignUpForm.constants.ts": {"path":"/Users/dhonch/projects/Intern-ui/src/components/SignUpForm/SignUpForm.constants.ts","statementMap":{"0":{"start":{"line":90,"column":13},"end":{"line":90,"column":26}},"1":{"start":{"line":95,"column":13},"end":{"line":95,"column":23}},"2":{"start":{"line":57,"column":13},"end":{"line":57,"column":19}},"3":{"start":{"line":20,"column":13},"end":{"line":20,"column":29}},"4":{"start":{"line":1,"column":21},"end":{"line":1,"column":null}},"5":{"start":{"line":2,"column":27},"end":{"line":2,"column":null}},"6":{"start":{"line":4,"column":27},"end":{"line":11,"column":null}},"7":{"start":{"line":8,"column":30},"end":{"line":8,"column":73}},"8":{"start":{"line":13,"column":25},"end":{"line":18,"column":null}},"9":{"start":{"line":20,"column":32},"end":{"line":55,"column":null}},"10":{"start":{"line":57,"column":22},"end":{"line":88,"column":null}},"11":{"start":{"line":90,"column":53},"end":{"line":90,"column":null}},"12":{"start":{"line":91,"column":0},"end":{"line":93,"column":null}},"13":{"start":{"line":92,"column":2},"end":{"line":92,"column":null}},"14":{"start":{"line":95,"column":54},"end":{"line":101,"column":null}}},"fnMap":{"0":{"name":"(anonymous_8)","decl":{"start":{"line":8,"column":12},"end":{"line":8,"column":13}},"loc":{"start":{"line":8,"column":30},"end":{"line":8,"column":73}}},"1":{"name":"(anonymous_9)","decl":{"start":{"line":91,"column":15},"end":{"line":91,"column":16}},"loc":{"start":{"line":91,"column":16},"end":{"line":93,"column":null}}}},"branchMap":{},"s":{"0":3,"1":80,"2":18,"3":3,"4":1,"5":1,"6":1,"7":4,"8":1,"9":1,"10":1,"11":1,"12":1,"13":5,"14":1},"f":{"0":4,"1":5},"b":{}}
,"/Users/dhonch/projects/Intern-ui/src/components/SignUpForm/SignUpForm.styles.ts": {"path":"/Users/dhonch/projects/Intern-ui/src/components/SignUpForm/SignUpForm.styles.ts","statementMap":{"0":{"start":{"line":3,"column":13},"end":{"line":3,"column":22}},"1":{"start":{"line":1,"column":20},"end":{"line":1,"column":null}},"2":{"start":{"line":3,"column":22},"end":{"line":52,"column":null}}},"fnMap":{},"branchMap":{},"s":{"0":118,"1":1,"2":1},"f":{},"b":{}}
,"/Users/dhonch/projects/Intern-ui/src/components/SignUpForm/SignUpForm.tsx": {"path":"/Users/dhonch/projects/Intern-ui/src/components/SignUpForm/SignUpForm.tsx","statementMap":{"0":{"start":{"line":59,"column":0},"end":{"line":59,"column":15}},"1":{"start":{"line":1,"column":36},"end":{"line":1,"column":null}},"2":{"start":{"line":2,"column":39},"end":{"line":2,"column":null}},"3":{"start":{"line":4,"column":25},"end":{"line":4,"column":null}},"4":{"start":{"line":5,"column":23},"end":{"line":5,"column":null}},"5":{"start":{"line":11,"column":7},"end":{"line":11,"column":null}},"6":{"start":{"line":13,"column":19},"end":{"line":57,"column":null}},"7":{"start":{"line":20,"column":12},"end":{"line":20,"column":null}},"8":{"start":{"line":21,"column":12},"end":{"line":21,"column":null}},"9":{"start":{"line":28,"column":16},"end":{"line":29,"column":null}},"10":{"start":{"line":59,"column":15},"end":{"line":59,"column":null}}},"fnMap":{"0":{"name":"(anonymous_2)","decl":{"start":{"line":13,"column":19},"end":{"line":13,"column":null}},"loc":{"start":{"line":13,"column":19},"end":{"line":57,"column":null}}},"1":{"name":"(anonymous_3)","decl":{"start":{"line":19,"column":20},"end":{"line":19,"column":27}},"loc":{"start":{"line":19,"column":48},"end":{"line":22,"column":null}}},"2":{"name":"(anonymous_5)","decl":{"start":{"line":27,"column":26},"end":{"line":27,"column":27}},"loc":{"start":{"line":28,"column":16},"end":{"line":29,"column":null}}}},"branchMap":{"0":{"loc":{"start":{"line":32,"column":25},"end":{"line":32,"column":64}},"type":"binary-expr","locations":[{"start":{"line":32,"column":25},"end":{"line":32,"column":42}},{"start":{"line":32,"column":46},"end":{"line":32,"column":64}}]},"1":{"loc":{"start":{"line":33,"column":30},"end":{"line":33,"column":67}},"type":"binary-expr","locations":[{"start":{"line":33,"column":30},"end":{"line":33,"column":47}},{"start":{"line":33,"column":51},"end":{"line":33,"column":67}}]}},"s":{"0":3,"1":1,"2":1,"3":1,"4":1,"5":1,"6":1,"7":1,"8":1,"9":80,"10":1},"f":{"0":3,"1":1,"2":80},"b":{"0":[80,10],"1":[80,10]}}
,"/Users/dhonch/projects/Intern-ui/src/components/SignUpForm/SignUpForm.types.ts": {"path":"/Users/dhonch/projects/Intern-ui/src/components/SignUpForm/SignUpForm.types.ts","statementMap":{"0":{"start":{"line":1,"column":12},"end":{"line":1,"column":null}}},"fnMap":{"0":{"name":"(anonymous_1)","decl":{"start":{"line":1,"column":12},"end":{"line":1,"column":null}},"loc":{"start":{"line":1,"column":12},"end":{"line":1,"column":null}}}},"branchMap":{"0":{"loc":{"start":{"line":1,"column":12},"end":{"line":1,"column":null}},"type":"binary-expr","locations":[{"start":{"line":1,"column":12},"end":{"line":1,"column":null}},{"start":{"line":1,"column":12},"end":{"line":1,"column":null}}]}},"s":{"0":1},"f":{"0":1},"b":{"0":[1,1]}}
,"/Users/dhonch/projects/Intern-ui/src/styles/app-theme/app.palette.ts": {"path":"/Users/dhonch/projects/Intern-ui/src/styles/app-theme/app.palette.ts","statementMap":{"0":{"start":{"line":37,"column":0},"end":{"line":37,"column":15}},"1":{"start":{"line":1,"column":22},"end":{"line":1,"column":null}},"2":{"start":{"line":2,"column":16},"end":{"line":35,"column":null}},"3":{"start":{"line":37,"column":15},"end":{"line":37,"column":null}}},"fnMap":{},"branchMap":{},"s":{"0":4,"1":1,"2":1,"3":1},"f":{},"b":{}}
,"/Users/dhonch/projects/Intern-ui/src/utils/splice-sx.ts": {"path":"/Users/dhonch/projects/Intern-ui/src/utils/splice-sx.ts","statementMap":{"0":{"start":{"line":3,"column":13},"end":{"line":3,"column":24}},"1":{"start":{"line":3,"column":24},"end":{"line":10,"column":null}},"2":{"start":{"line":7,"column":5},"end":{"line":10,"column":null}}},"fnMap":{"0":{"name":"(anonymous_1)","decl":{"start":{"line":3,"column":24},"end":{"line":3,"column":null}},"loc":{"start":{"line":7,"column":5},"end":{"line":10,"column":null}}}},"branchMap":{},"s":{"0":3,"1":1,"2":3},"f":{"0":3},"b":{}}
}
