TN:
SF:src/components/BlockWrapper/BlockWrapper.styles.ts
FNF:0
FNH:0
DA:1,3
LF:1
LH:1
BRF:0
BRH:0
end_of_record
TN:
SF:src/components/BlockWrapper/BlockWrapper.tsx
FN:12,(anonymous_2)
FNF:1
FNH:1
FNDA:3,(anonymous_2)
DA:1,1
DA:2,1
DA:5,1
DA:12,1
DA:16,3
LF:5
LH:5
BRF:0
BRH:0
end_of_record
TN:
SF:src/components/SignUpForm/SignUpForm.constants.ts
FN:8,(anonymous_8)
FN:91,(anonymous_9)
FNF:2
FNH:2
FNDA:4,(anonymous_8)
FNDA:5,(anonymous_9)
DA:1,1
DA:2,1
DA:4,1
DA:8,4
DA:13,1
DA:20,3
DA:57,18
DA:90,3
DA:91,1
DA:92,5
DA:95,80
LF:11
LH:11
BRF:0
BRH:0
end_of_record
TN:
SF:src/components/SignUpForm/SignUpForm.styles.ts
FNF:0
FNH:0
DA:1,1
DA:3,118
LF:2
LH:2
BRF:0
BRH:0
end_of_record
TN:
SF:src/components/SignUpForm/SignUpForm.tsx
FN:13,(anonymous_2)
FN:19,(anonymous_3)
FN:27,(anonymous_5)
FNF:3
FNH:3
FNDA:3,(anonymous_2)
FNDA:1,(anonymous_3)
FNDA:80,(anonymous_5)
DA:1,1
DA:2,1
DA:4,1
DA:5,1
DA:11,1
DA:13,1
DA:20,1
DA:21,1
DA:28,80
DA:59,3
LF:10
LH:10
BRDA:32,0,0,80
BRDA:32,0,1,10
BRDA:33,1,0,80
BRDA:33,1,1,10
BRF:4
BRH:4
end_of_record
TN:
SF:src/components/SignUpForm/SignUpForm.types.ts
FN:1,(anonymous_1)
FNF:1
FNH:1
FNDA:1,(anonymous_1)
DA:1,1
LF:1
LH:1
BRDA:1,0,0,1
BRDA:1,0,1,1
BRF:2
BRH:2
end_of_record
TN:
SF:src/styles/app-theme/app.palette.ts
FNF:0
FNH:0
DA:1,1
DA:2,1
DA:37,4
LF:3
LH:3
BRF:0
BRH:0
end_of_record
TN:
SF:src/utils/splice-sx.ts
FN:3,(anonymous_1)
FNF:1
FNH:1
FNDA:3,(anonymous_1)
DA:3,3
DA:7,3
LF:2
LH:2
BRF:0
BRH:0
end_of_record
