TN:
SF:src/components/SignUpForm/SignUpForm.constants.ts
FN:8,(anonymous_8)
FNF:1
FNH:1
FNDA:4,(anonymous_8)
DA:1,1
DA:2,1
DA:4,1
DA:8,4
DA:13,1
DA:20,3
DA:57,18
DA:90,3
DA:98,80
LF:9
LH:9
BRF:0
BRH:0
end_of_record
TN:
SF:src/components/SignUpForm/SignUpForm.styles.ts
FNF:0
FNH:0
DA:1,1
DA:3,124
LF:2
LH:2
BRF:0
BRH:0
end_of_record
TN:
SF:src/components/SignUpForm/SignUpForm.tsx
FN:21,(anonymous_2)
FN:39,(anonymous_4)
FNF:2
FNH:2
FNDA:3,(anonymous_2)
FNDA:80,(anonymous_4)
DA:1,1
DA:2,1
DA:3,1
DA:5,1
DA:11,1
DA:21,1
DA:40,80
DA:72,3
LF:8
LH:8
BRDA:44,0,0,80
BRDA:44,0,1,10
BRDA:45,1,0,80
BRDA:45,1,1,10
BRF:4
BRH:4
end_of_record
TN:
SF:src/components/SignUpForm/SignUpForm.types.ts
FN:1,(anonymous_1)
FNF:1
FNH:1
FNDA:1,(anonymous_1)
DA:1,1
LF:1
LH:1
BRDA:1,0,0,1
BRDA:1,0,1,1
BRF:2
BRH:2
end_of_record
TN:
SF:src/components/sign-in-form/SignIn.styles.ts
FNF:0
FNH:0
DA:1,1
DA:3,32
LF:2
LH:2
BRF:0
BRH:0
end_of_record
TN:
SF:src/components/sign-in-form/SignIn.tsx
FN:15,(anonymous_5)
FN:20,(anonymous_6)
FNF:2
FNH:2
FNDA:2,(anonymous_5)
FNDA:1,(anonymous_6)
DA:1,1
DA:2,1
DA:3,1
DA:4,1
DA:5,1
DA:6,1
DA:7,1
DA:8,1
DA:15,1
DA:16,2
DA:20,2
DA:21,1
DA:22,1
DA:24,2
DA:88,2
LF:15
LH:15
BRDA:57,0,0,6
BRDA:57,0,1,1
BRDA:70,1,0,6
BRDA:70,1,1,1
BRF:4
BRH:4
end_of_record
TN:
SF:src/pages/WelcomePage/WelcomePage.styles.ts
FNF:0
FNH:0
DA:1,1
DA:2,27
LF:2
LH:2
BRF:0
BRH:0
end_of_record
TN:
SF:src/pages/WelcomePage/WelcomePage.tsx
FN:9,(anonymous_2)
FNF:1
FNH:1
FNDA:3,(anonymous_2)
DA:1,1
DA:2,1
DA:3,1
DA:4,1
DA:5,1
DA:6,1
DA:7,1
DA:9,1
DA:41,3
LF:9
LH:9
BRF:0
BRH:0
end_of_record
TN:
SF:src/styles/app-theme/app.palette.ts
FNF:0
FNH:0
DA:1,3
DA:2,3
DA:37,21
LF:3
LH:3
BRF:0
BRH:0
end_of_record
